<?xml version="1.0" encoding="UTF-8"?>
<!-- Generated by org.testng.reporters.JUnitReportReporter -->
<testsuite hostname="DESKTOP-41E1KCJ" failures="0" tests="1" name="seleniumwebdriverproject.ss" time="3.806" errors="0" timestamp="2024-09-13T10:48:18 IST" skipped="0">
  <testcase classname="seleniumwebdriverproject.ss" name="testGoogleSearch" time="3.806"/>
  <system-out/>
</testsuite> <!-- seleniumwebdriverproject.ss -->
